{"/Users/ccepeda/Documents/Tech Developer/DigitalHouse/courses/Testing/c14s/util.js": {"path":"/Users/ccepeda/Documents/Tech Developer/DigitalHouse/courses/Testing/c14s/util.js","statementMap":{"0":{"start":{"line":1,"column":0},"end":{"line":4,"column":2}},"1":{"start":{"line":3,"column":4},"end":{"line":3,"column":40}},"2":{"start":{"line":6,"column":0},"end":{"line":12,"column":2}},"3":{"start":{"line":8,"column":23},"end":{"line":8,"column":51}},"4":{"start":{"line":9,"column":4},"end":{"line":9,"column":40}},"5":{"start":{"line":10,"column":4},"end":{"line":10,"column":34}},"6":{"start":{"line":11,"column":4},"end":{"line":11,"column":22}},"7":{"start":{"line":14,"column":0},"end":{"line":30,"column":2}},"8":{"start":{"line":16,"column":4},"end":{"line":18,"column":5}},"9":{"start":{"line":17,"column":8},"end":{"line":17,"column":21}},"10":{"start":{"line":20,"column":4},"end":{"line":23,"column":5}},"11":{"start":{"line":21,"column":8},"end":{"line":21,"column":39}},"12":{"start":{"line":22,"column":8},"end":{"line":22,"column":21}},"13":{"start":{"line":24,"column":4},"end":{"line":27,"column":5}},"14":{"start":{"line":25,"column":8},"end":{"line":25,"column":39}},"15":{"start":{"line":26,"column":8},"end":{"line":26,"column":21}},"16":{"start":{"line":28,"column":4},"end":{"line":28,"column":35}},"17":{"start":{"line":29,"column":4},"end":{"line":29,"column":16}}},"fnMap":{"0":{"name":"(anonymous_0)","decl":{"start":{"line":1,"column":23},"end":{"line":1,"column":24}},"loc":{"start":{"line":1,"column":38},"end":{"line":4,"column":1}},"line":1},"1":{"name":"(anonymous_1)","decl":{"start":{"line":6,"column":24},"end":{"line":6,"column":25}},"loc":{"start":{"line":6,"column":51},"end":{"line":12,"column":1}},"line":6},"2":{"name":"(anonymous_2)","decl":{"start":{"line":14,"column":24},"end":{"line":14,"column":25}},"loc":{"start":{"line":14,"column":54},"end":{"line":30,"column":1}},"line":14}},"branchMap":{"0":{"loc":{"start":{"line":16,"column":4},"end":{"line":18,"column":5}},"type":"if","locations":[{"start":{"line":16,"column":4},"end":{"line":18,"column":5}},{"start":{},"end":{}}],"line":16},"1":{"loc":{"start":{"line":20,"column":4},"end":{"line":23,"column":5}},"type":"if","locations":[{"start":{"line":20,"column":4},"end":{"line":23,"column":5}},{"start":{},"end":{}}],"line":20},"2":{"loc":{"start":{"line":20,"column":8},"end":{"line":20,"column":44}},"type":"binary-expr","locations":[{"start":{"line":20,"column":8},"end":{"line":20,"column":16}},{"start":{"line":20,"column":20},"end":{"line":20,"column":44}}],"line":20},"3":{"loc":{"start":{"line":24,"column":4},"end":{"line":27,"column":5}},"type":"if","locations":[{"start":{"line":24,"column":4},"end":{"line":27,"column":5}},{"start":{},"end":{}}],"line":24},"4":{"loc":{"start":{"line":24,"column":8},"end":{"line":24,"column":32}},"type":"binary-expr","locations":[{"start":{"line":24,"column":8},"end":{"line":24,"column":16}},{"start":{"line":24,"column":20},"end":{"line":24,"column":32}}],"line":24}},"s":{"0":1,"1":2,"2":1,"3":0,"4":0,"5":0,"6":0,"7":1,"8":5,"9":3,"10":2,"11":1,"12":1,"13":1,"14":0,"15":0,"16":1,"17":1},"f":{"0":2,"1":0,"2":5},"b":{"0":[3,2],"1":[1,1],"2":[2,2],"3":[0,1],"4":[1,0]},"_coverageSchema":"1a1c01bbd47fc00a2c39e90264f33305004495a9","hash":"53c84fdad7cb7c58cf80ee61d81a026623ce381b"}
}
